c:\users\n\desktop\updatechecker\updatechecker\debug\vc142.pdb
c:\users\n\desktop\updatechecker\updatechecker\debug\vc142.idb
c:\users\n\desktop\updatechecker\updatechecker\debug\updatechecker.obj
c:\users\n\desktop\updatechecker\debug\updatechecker.exe
c:\users\n\desktop\updatechecker\updatechecker\debug\updatechecker.ilk
c:\users\n\desktop\updatechecker\debug\updatechecker.pdb
c:\users\n\desktop\updatechecker\debug\curlpp.dll
c:\users\n\desktop\updatechecker\debug\libcurl-d.dll
c:\users\n\desktop\updatechecker\debug\zlibd1.dll
c:\users\n\desktop\updatechecker\debug\pqxx.dll
c:\users\n\desktop\updatechecker\debug\libpq.dll
c:\users\n\desktop\updatechecker\debug\libssl-3.dll
c:\users\n\desktop\updatechecker\debug\libcrypto-3.dll
c:\users\n\desktop\updatechecker\debug\tgbot.dll
c:\users\n\desktop\updatechecker\updatechecker\debug\updatechecker.tlog\cl.command.1.tlog
c:\users\n\desktop\updatechecker\updatechecker\debug\updatechecker.tlog\cl.read.1.tlog
c:\users\n\desktop\updatechecker\updatechecker\debug\updatechecker.tlog\cl.write.1.tlog
c:\users\n\desktop\updatechecker\updatechecker\debug\updatechecker.tlog\link.command.1.tlog
c:\users\n\desktop\updatechecker\updatechecker\debug\updatechecker.tlog\link.read.1.tlog
c:\users\n\desktop\updatechecker\updatechecker\debug\updatechecker.tlog\link.write.1.tlog
c:\users\n\desktop\updatechecker\updatechecker\debug\updatechecker.tlog\updatechecker.write.1u.tlog
